<?xml version="1.0" encoding="UTF-8"?>
<!-- Generated by org.testng.reporters.JUnitReportReporter -->
<testsuite hostname="LAPTOP-J7BPELDI" name="TestNG.TestNGClass" tests="1" failures="0" timestamp="7 Jul 2016 14:17:54 GMT" time="0.919" errors="0">
  <testcase name="baidutest" time="0.919" classname="TestNG.TestNGClass"/>
</testsuite> <!-- TestNG.TestNGClass -->
